<?xml version="1.0" encoding="UTF-8"?>
<testng-results ignored="0" total="1" passed="1" failed="0" skipped="0">
  <reporter-output>
  </reporter-output>
  <suite started-at="2023-04-06T16:37:53Z" name="Default suite" finished-at="2023-04-06T16:38:00Z" duration-ms="6702">
    <groups>
    </groups>
    <test started-at="2023-04-06T16:37:53Z" name="Default test" finished-at="2023-04-06T16:38:00Z" duration-ms="6702">
      <class name="DemoOnPageObjectModel.LoginWithoutPOM">
        <test-method signature="login()[pri:0, instance:DemoOnPageObjectModel.LoginWithoutPOM@38ba6ce3]" started-at="2023-04-06T16:37:53Z" name="login" finished-at="2023-04-06T16:38:00Z" duration-ms="6664" status="PASS">
          <reporter-output>
          </reporter-output>
        </test-method> <!-- login -->
      </class> <!-- DemoOnPageObjectModel.LoginWithoutPOM -->
    </test> <!-- Default test -->
  </suite> <!-- Default suite -->
</testng-results>
